     Assembly listing for: marie2.mas
                Assembled: Fri Mar 04 00:53:33 CST 2016

         |                                    / Dustin Meckley
         |                                    / ciss420 Computer Architecture
         |                                    / marie2.mas
         |                                    / Homework 4
         |                                    / While
         |                                    
         |                                    / X = 10
         |                                    / Y = 20
         |                                    / Z = 0
         |                                    / while x > 0 and y < 25:
         |                                    /	Z += X + Y
         |                                    /	X -= 1
         |                                    /	Y += 1
         |                                    
         |              ORG 100                
         |                                    	
         |                                    
100 1117 |  L1          LOAD X                / Load the X value into AC.
101 8800 |              SKIPCOND 800          / If AC > 0, skip next instruction.
102 9115 |              JUMP End              / Jump to End Label if AC <= 0.
103 9104 |              JUMP L2               / Jump to L2 Label if AC > 0.
         |                                    		
         |                                    
104 1118 |  L2          LOAD Y                / Load the Y value into AC.
105 411B |              SUBT TWENTY-FIVE      / Subtract 25 from Y value and store in AC.
106 2116 |              STORE TEMP            / Store AC at address TEMP.
107 8000 |              SKIPCOND 000          / If AC < 0, skip next instruction.
108 9115 |              JUMP End              / Jump to End Label if AC >= 0.
109 910A |              JUMP L3               / Jump to L3 Label if AC < 0.
         |                                    			
10A 1119 |  L3          LOAD Z                / Load the Z value into AC.
10B 3117 |              ADD X                 / Add the X value to AC.
10C 3118 |              ADD Y                 / Add the Y value to AC.
10D 2119 |              STORE Z               / Store AC at address Z.
         |                                    
10E 1117 |              LOAD X                / Load the X value into AC.
10F 411A |              SUBT ONE              / Subtract 1 from X value and store in AC.
110 2117 |              STORE X               / Store AC at address X.
         |                                    
111 1118 |              LOAD Y                / Load the Y value into AC.
112 311A |              ADD ONE               / Subtract 1 from Y value and store in AC.
113 2118 |              STORE Y               / Store AC at address Y.
         |                                    
114 9100 |              JUMP L1               / Unconditional Jump to L1 Label.
         |                                    			
115 7000 |  End         HALT                   
         |                                    
116 0000 |  TEMP        DEC 0                  
117 000A |  X           DEC 10                 
118 0014 |  Y           DEC 20                 
119 0000 |  Z           DEC 0                  
11A 0001 |  ONE         DEC 1                  
11B 0019 |  TWENTY-FIVE DEC 25                 

Assembly successful.

         SYMBOL TABLE
         -------------------------------------------------------
          Symbol      | Defined | References 
         -------------+---------+-------------------------------
          End         |   115   | 102, 108
          L1          |   100   | 114
          L2          |   104   | 103
          L3          |   10A   | 109
          ONE         |   11A   | 10F, 112
          TEMP        |   116   | 106
          TWENTY-FIVE |   11B   | 105
          X           |   117   | 100, 10B, 10E, 110
          Y           |   118   | 104, 10C, 111, 113
          Z           |   119   | 10A, 10D
         -------------------------------------------------------

